  [1m[35m (817.5ms)[0m  [1m[35mCREATE DATABASE "backend_development" ENCODING = 'unicode'[0m
  ↳ /Users/uks/.rbenv/versions/2.3.1/bin/rake:23
  [1m[35m (524.9ms)[0m  [1m[35mCREATE DATABASE "backend_test" ENCODING = 'unicode'[0m
  ↳ /Users/uks/.rbenv/versions/2.3.1/bin/rake:23
Started GET "/" for ::1 at 2019-10-22 19:48:33 -0400
Processing by Rails::WelcomeController#index as HTML
  Rendering /Users/uks/.rbenv/versions/2.3.1/lib/ruby/gems/2.3.0/gems/railties-5.2.3/lib/rails/templates/rails/welcome/index.html.erb
  Rendered /Users/uks/.rbenv/versions/2.3.1/lib/ruby/gems/2.3.0/gems/railties-5.2.3/lib/rails/templates/rails/welcome/index.html.erb (5.6ms)
Completed 200 OK in 31ms (Views: 16.7ms | ActiveRecord: 0.0ms)


  [1m[35m (76.7ms)[0m  [1m[35mCREATE TABLE "schema_migrations" ("version" character varying NOT NULL PRIMARY KEY)[0m
  ↳ /Users/uks/.rbenv/versions/2.3.1/bin/rake:23
  [1m[35m (27.8ms)[0m  [1m[35mCREATE TABLE "ar_internal_metadata" ("key" character varying NOT NULL PRIMARY KEY, "value" character varying, "created_at" timestamp NOT NULL, "updated_at" timestamp NOT NULL)[0m
  ↳ /Users/uks/.rbenv/versions/2.3.1/bin/rake:23
  [1m[35m (12.3ms)[0m  [1m[34mSELECT pg_try_advisory_lock(5073945470573576205)[0m
  ↳ /Users/uks/.rbenv/versions/2.3.1/bin/rake:23
  [1m[35m (1.5ms)[0m  [1m[34mSELECT "schema_migrations"."version" FROM "schema_migrations" ORDER BY "schema_migrations"."version" ASC[0m
  ↳ /Users/uks/.rbenv/versions/2.3.1/bin/rake:23
Migrating to CreateButterflies (20191023000152)
  [1m[35m (0.2ms)[0m  [1m[35mBEGIN[0m
  ↳ /Users/uks/.rbenv/versions/2.3.1/bin/rake:23
  [1m[35m (35.3ms)[0m  [1m[35mCREATE TABLE "butterflies" ("id" bigserial primary key, "butterfly_name" character varying, "scientific_name" character varying, "image_file_name" character varying, "description" text, "created_at" timestamp NOT NULL, "updated_at" timestamp NOT NULL)[0m
  ↳ db/migrate/20191023000152_create_butterflies.rb:3
  [1m[36mActiveRecord::SchemaMigration Create (2.5ms)[0m  [1m[32mINSERT INTO "schema_migrations" ("version") VALUES ($1) RETURNING "version"[0m  [["version", "20191023000152"]]
  ↳ /Users/uks/.rbenv/versions/2.3.1/bin/rake:23
  [1m[35m (0.6ms)[0m  [1m[35mCOMMIT[0m
  ↳ /Users/uks/.rbenv/versions/2.3.1/bin/rake:23
Migrating to CreateImages (20191023000255)
  [1m[35m (6.0ms)[0m  [1m[35mBEGIN[0m
  ↳ /Users/uks/.rbenv/versions/2.3.1/bin/rake:23
  [1m[35m (22.8ms)[0m  [1m[35mCREATE TABLE "images" ("id" bigserial primary key, "image_name" character varying, "butterfly_name" character varying, "location" character varying, "created_at" timestamp NOT NULL, "updated_at" timestamp NOT NULL)[0m
  ↳ db/migrate/20191023000255_create_images.rb:3
  [1m[36mActiveRecord::SchemaMigration Create (0.5ms)[0m  [1m[32mINSERT INTO "schema_migrations" ("version") VALUES ($1) RETURNING "version"[0m  [["version", "20191023000255"]]
  ↳ /Users/uks/.rbenv/versions/2.3.1/bin/rake:23
  [1m[35m (0.7ms)[0m  [1m[35mCOMMIT[0m
  ↳ /Users/uks/.rbenv/versions/2.3.1/bin/rake:23
  [1m[36mActiveRecord::InternalMetadata Load (0.6ms)[0m  [1m[34mSELECT  "ar_internal_metadata".* FROM "ar_internal_metadata" WHERE "ar_internal_metadata"."key" = $1 LIMIT $2[0m  [["key", "environment"], ["LIMIT", 1]]
  ↳ /Users/uks/.rbenv/versions/2.3.1/bin/rake:23
  [1m[35m (0.2ms)[0m  [1m[35mBEGIN[0m
  ↳ /Users/uks/.rbenv/versions/2.3.1/bin/rake:23
  [1m[36mActiveRecord::InternalMetadata Create (8.8ms)[0m  [1m[32mINSERT INTO "ar_internal_metadata" ("key", "value", "created_at", "updated_at") VALUES ($1, $2, $3, $4) RETURNING "key"[0m  [["key", "environment"], ["value", "development"], ["created_at", "2019-10-23 00:03:24.062651"], ["updated_at", "2019-10-23 00:03:24.062651"]]
  ↳ /Users/uks/.rbenv/versions/2.3.1/bin/rake:23
  [1m[35m (0.6ms)[0m  [1m[35mCOMMIT[0m
  ↳ /Users/uks/.rbenv/versions/2.3.1/bin/rake:23
  [1m[35m (0.3ms)[0m  [1m[34mSELECT pg_advisory_unlock(5073945470573576205)[0m
  ↳ /Users/uks/.rbenv/versions/2.3.1/bin/rake:23
  [1m[35m (0.3ms)[0m  [1m[34mSELECT "schema_migrations"."version" FROM "schema_migrations" ORDER BY "schema_migrations"."version" ASC[0m
  ↳ /Users/uks/.rbenv/versions/2.3.1/bin/rake:23
  [1m[35m (0.2ms)[0m  [1m[34mSELECT pg_try_advisory_lock(5073945470573576205)[0m
  ↳ bin/rails:9
  [1m[35m (0.6ms)[0m  [1m[34mSELECT "schema_migrations"."version" FROM "schema_migrations" ORDER BY "schema_migrations"."version" ASC[0m
  ↳ bin/rails:9
  [1m[36mActiveRecord::InternalMetadata Load (18.2ms)[0m  [1m[34mSELECT  "ar_internal_metadata".* FROM "ar_internal_metadata" WHERE "ar_internal_metadata"."key" = $1 LIMIT $2[0m  [["key", "environment"], ["LIMIT", 1]]
  ↳ bin/rails:9
  [1m[35m (0.2ms)[0m  [1m[35mBEGIN[0m
  ↳ bin/rails:9
  [1m[35m (0.1ms)[0m  [1m[35mCOMMIT[0m
  ↳ bin/rails:9
  [1m[35m (0.3ms)[0m  [1m[34mSELECT pg_advisory_unlock(5073945470573576205)[0m
  ↳ bin/rails:9
  [1m[35m (0.3ms)[0m  [1m[34mSELECT "schema_migrations"."version" FROM "schema_migrations" ORDER BY "schema_migrations"."version" ASC[0m
  ↳ bin/rails:9
  [1m[35m (0.7ms)[0m  [1m[34mSELECT "schema_migrations"."version" FROM "schema_migrations" ORDER BY "schema_migrations"."version" ASC[0m
  ↳ /Users/uks/.rbenv/versions/2.3.1/bin/rake:23
  [1m[35m (0.2ms)[0m  [1m[35mBEGIN[0m
  ↳ db/seeds.rb:10
  [1m[36mImage Create (14.0ms)[0m  [1m[32mINSERT INTO "images" ("image_name", "butterfly_name", "location", "created_at", "updated_at") VALUES ($1, $2, $3, $4, $5) RETURNING "id"[0m  [["image_name", "image"], ["butterfly_name", "butterfly"], ["location", "Knowhere"], ["created_at", "2019-10-23 00:05:37.947708"], ["updated_at", "2019-10-23 00:05:37.947708"]]
  ↳ db/seeds.rb:10
  [1m[35m (0.7ms)[0m  [1m[35mCOMMIT[0m
  ↳ db/seeds.rb:10
  [1m[35m (0.2ms)[0m  [1m[35mBEGIN[0m
  ↳ db/seeds.rb:10
  [1m[36mImage Create (0.4ms)[0m  [1m[32mINSERT INTO "images" ("image_name", "butterfly_name", "location", "created_at", "updated_at") VALUES ($1, $2, $3, $4, $5) RETURNING "id"[0m  [["image_name", "image"], ["butterfly_name", "butterfly"], ["location", "Knowhere"], ["created_at", "2019-10-23 00:05:37.965442"], ["updated_at", "2019-10-23 00:05:37.965442"]]
  ↳ db/seeds.rb:10
  [1m[35m (0.4ms)[0m  [1m[35mCOMMIT[0m
  ↳ db/seeds.rb:10
  [1m[35m (0.1ms)[0m  [1m[35mBEGIN[0m
  ↳ db/seeds.rb:10
  [1m[36mImage Create (0.3ms)[0m  [1m[32mINSERT INTO "images" ("image_name", "butterfly_name", "location", "created_at", "updated_at") VALUES ($1, $2, $3, $4, $5) RETURNING "id"[0m  [["image_name", "image"], ["butterfly_name", "butterfly"], ["location", "Knowhere"], ["created_at", "2019-10-23 00:05:37.968316"], ["updated_at", "2019-10-23 00:05:37.968316"]]
  ↳ db/seeds.rb:10
  [1m[35m (0.4ms)[0m  [1m[35mCOMMIT[0m
  ↳ db/seeds.rb:10
  [1m[35m (0.2ms)[0m  [1m[35mBEGIN[0m
  ↳ db/seeds.rb:10
  [1m[36mImage Create (0.3ms)[0m  [1m[32mINSERT INTO "images" ("image_name", "butterfly_name", "location", "created_at", "updated_at") VALUES ($1, $2, $3, $4, $5) RETURNING "id"[0m  [["image_name", "image"], ["butterfly_name", "butterfly"], ["location", "Knowhere"], ["created_at", "2019-10-23 00:05:37.970696"], ["updated_at", "2019-10-23 00:05:37.970696"]]
  ↳ db/seeds.rb:10
  [1m[35m (0.4ms)[0m  [1m[35mCOMMIT[0m
  ↳ db/seeds.rb:10
  [1m[35m (0.1ms)[0m  [1m[35mBEGIN[0m
  ↳ db/seeds.rb:10
  [1m[36mImage Create (0.3ms)[0m  [1m[32mINSERT INTO "images" ("image_name", "butterfly_name", "location", "created_at", "updated_at") VALUES ($1, $2, $3, $4, $5) RETURNING "id"[0m  [["image_name", "image"], ["butterfly_name", "butterfly"], ["location", "Knowhere"], ["created_at", "2019-10-23 00:05:37.972920"], ["updated_at", "2019-10-23 00:05:37.972920"]]
  ↳ db/seeds.rb:10
  [1m[35m (0.4ms)[0m  [1m[35mCOMMIT[0m
  ↳ db/seeds.rb:10
  [1m[35m (0.1ms)[0m  [1m[35mBEGIN[0m
  ↳ db/seeds.rb:10
  [1m[36mImage Create (0.2ms)[0m  [1m[32mINSERT INTO "images" ("image_name", "butterfly_name", "location", "created_at", "updated_at") VALUES ($1, $2, $3, $4, $5) RETURNING "id"[0m  [["image_name", "image"], ["butterfly_name", "butterfly"], ["location", "Knowhere"], ["created_at", "2019-10-23 00:05:37.975036"], ["updated_at", "2019-10-23 00:05:37.975036"]]
  ↳ db/seeds.rb:10
  [1m[35m (0.4ms)[0m  [1m[35mCOMMIT[0m
  ↳ db/seeds.rb:10
  [1m[35m (0.1ms)[0m  [1m[35mBEGIN[0m
  ↳ db/seeds.rb:10
  [1m[36mImage Create (0.4ms)[0m  [1m[32mINSERT INTO "images" ("image_name", "butterfly_name", "location", "created_at", "updated_at") VALUES ($1, $2, $3, $4, $5) RETURNING "id"[0m  [["image_name", "image"], ["butterfly_name", "butterfly"], ["location", "Knowhere"], ["created_at", "2019-10-23 00:05:37.977309"], ["updated_at", "2019-10-23 00:05:37.977309"]]
  ↳ db/seeds.rb:10
  [1m[35m (0.4ms)[0m  [1m[35mCOMMIT[0m
  ↳ db/seeds.rb:10
  [1m[35m (0.1ms)[0m  [1m[35mBEGIN[0m
  ↳ db/seeds.rb:10
  [1m[36mImage Create (0.3ms)[0m  [1m[32mINSERT INTO "images" ("image_name", "butterfly_name", "location", "created_at", "updated_at") VALUES ($1, $2, $3, $4, $5) RETURNING "id"[0m  [["image_name", "image"], ["butterfly_name", "butterfly"], ["location", "Knowhere"], ["created_at", "2019-10-23 00:05:37.980135"], ["updated_at", "2019-10-23 00:05:37.980135"]]
  ↳ db/seeds.rb:10
  [1m[35m (0.4ms)[0m  [1m[35mCOMMIT[0m
  ↳ db/seeds.rb:10
  [1m[35m (0.1ms)[0m  [1m[35mBEGIN[0m
  ↳ db/seeds.rb:10
  [1m[36mImage Create (0.2ms)[0m  [1m[32mINSERT INTO "images" ("image_name", "butterfly_name", "location", "created_at", "updated_at") VALUES ($1, $2, $3, $4, $5) RETURNING "id"[0m  [["image_name", "image"], ["butterfly_name", "butterfly"], ["location", "Knowhere"], ["created_at", "2019-10-23 00:05:37.982344"], ["updated_at", "2019-10-23 00:05:37.982344"]]
  ↳ db/seeds.rb:10
  [1m[35m (0.3ms)[0m  [1m[35mCOMMIT[0m
  ↳ db/seeds.rb:10
  [1m[35m (0.1ms)[0m  [1m[35mBEGIN[0m
  ↳ db/seeds.rb:10
  [1m[36mImage Create (0.2ms)[0m  [1m[32mINSERT INTO "images" ("image_name", "butterfly_name", "location", "created_at", "updated_at") VALUES ($1, $2, $3, $4, $5) RETURNING "id"[0m  [["image_name", "image"], ["butterfly_name", "butterfly"], ["location", "Knowhere"], ["created_at", "2019-10-23 00:05:37.984284"], ["updated_at", "2019-10-23 00:05:37.984284"]]
  ↳ db/seeds.rb:10
  [1m[35m (0.3ms)[0m  [1m[35mCOMMIT[0m
  ↳ db/seeds.rb:10
  [1m[35m (0.1ms)[0m  [1m[35mBEGIN[0m
  ↳ db/seeds.rb:14
  [1m[36mButterfly Create (2.4ms)[0m  [1m[32mINSERT INTO "butterflies" ("butterfly_name", "scientific_name", "image_file_name", "description", "created_at", "updated_at") VALUES ($1, $2, $3, $4, $5, $6) RETURNING "id"[0m  [["butterfly_name", "Brush-footed"], ["scientific_name", "Nymphalidae"], ["image_file_name", "image_file"], ["description", "Brush-footed description."], ["created_at", "2019-10-23 00:05:38.000059"], ["updated_at", "2019-10-23 00:05:38.000059"]]
  ↳ db/seeds.rb:14
  [1m[35m (6.4ms)[0m  [1m[35mCOMMIT[0m
  ↳ db/seeds.rb:14
  [1m[35m (0.2ms)[0m  [1m[35mBEGIN[0m
  ↳ db/seeds.rb:15
  [1m[36mButterfly Create (0.4ms)[0m  [1m[32mINSERT INTO "butterflies" ("butterfly_name", "scientific_name", "image_file_name", "description", "created_at", "updated_at") VALUES ($1, $2, $3, $4, $5, $6) RETURNING "id"[0m  [["butterfly_name", "Harvesters"], ["scientific_name", "Miletinae"], ["image_file_name", "image_file"], ["description", "Harvesters description."], ["created_at", "2019-10-23 00:05:38.011044"], ["updated_at", "2019-10-23 00:05:38.011044"]]
  ↳ db/seeds.rb:15
  [1m[35m (5.2ms)[0m  [1m[35mCOMMIT[0m
  ↳ db/seeds.rb:15
  [1m[35m (0.2ms)[0m  [1m[35mBEGIN[0m
  ↳ db/seeds.rb:16
  [1m[36mButterfly Create (0.4ms)[0m  [1m[32mINSERT INTO "butterflies" ("butterfly_name", "scientific_name", "image_file_name", "description", "created_at", "updated_at") VALUES ($1, $2, $3, $4, $5, $6) RETURNING "id"[0m  [["butterfly_name", "Metalmarks"], ["scientific_name", "Riodinidae"], ["image_file_name", "image_file"], ["description", "Metalmarks description."], ["created_at", "2019-10-23 00:05:38.018940"], ["updated_at", "2019-10-23 00:05:38.018940"]]
  ↳ db/seeds.rb:16
  [1m[35m (0.4ms)[0m  [1m[35mCOMMIT[0m
  ↳ db/seeds.rb:16
  [1m[35m (0.2ms)[0m  [1m[35mBEGIN[0m
  ↳ db/seeds.rb:17
  [1m[36mButterfly Create (0.3ms)[0m  [1m[32mINSERT INTO "butterflies" ("butterfly_name", "scientific_name", "image_file_name", "description", "created_at", "updated_at") VALUES ($1, $2, $3, $4, $5, $6) RETURNING "id"[0m  [["butterfly_name", "Parnassians/Swallowtails"], ["scientific_name", "Papilionidae"], ["image_file_name", "image_file"], ["description", "Parnassians/Swallowtails description."], ["created_at", "2019-10-23 00:05:38.021934"], ["updated_at", "2019-10-23 00:05:38.021934"]]
  ↳ db/seeds.rb:17
  [1m[35m (0.4ms)[0m  [1m[35mCOMMIT[0m
  ↳ db/seeds.rb:17
  [1m[35m (0.1ms)[0m  [1m[35mBEGIN[0m
  ↳ db/seeds.rb:18
  [1m[36mButterfly Create (0.3ms)[0m  [1m[32mINSERT INTO "butterflies" ("butterfly_name", "scientific_name", "image_file_name", "description", "created_at", "updated_at") VALUES ($1, $2, $3, $4, $5, $6) RETURNING "id"[0m  [["butterfly_name", "Skippers"], ["scientific_name", "Hesperiidae"], ["image_file_name", "image_file"], ["description", "Skippers description."], ["created_at", "2019-10-23 00:05:38.024328"], ["updated_at", "2019-10-23 00:05:38.024328"]]
  ↳ db/seeds.rb:18
  [1m[35m (0.4ms)[0m  [1m[35mCOMMIT[0m
  ↳ db/seeds.rb:18
Started GET "/" for ::1 at 2019-10-22 20:05:47 -0400
  [1m[35m (0.6ms)[0m  [1m[34mSELECT "schema_migrations"."version" FROM "schema_migrations" ORDER BY "schema_migrations"."version" ASC[0m
  ↳ /Users/uks/.rbenv/versions/2.3.1/lib/ruby/gems/2.3.0/gems/activerecord-5.2.3/lib/active_record/log_subscriber.rb:98
Processing by Rails::WelcomeController#index as HTML
  Rendering /Users/uks/.rbenv/versions/2.3.1/lib/ruby/gems/2.3.0/gems/railties-5.2.3/lib/rails/templates/rails/welcome/index.html.erb
  Rendered /Users/uks/.rbenv/versions/2.3.1/lib/ruby/gems/2.3.0/gems/railties-5.2.3/lib/rails/templates/rails/welcome/index.html.erb (5.8ms)
Completed 200 OK in 32ms (Views: 15.3ms | ActiveRecord: 0.0ms)


Started GET "/api/v1/images.json" for ::1 at 2019-10-22 20:05:53 -0400
  
ActionController::RoutingError (uninitialized constant Api):
  
bootsnap (1.4.5) lib/bootsnap/load_path_cache/core_ext/active_support.rb:79:in `block in load_missing_constant'
bootsnap (1.4.5) lib/bootsnap/load_path_cache/core_ext/active_support.rb:8:in `without_bootsnap_cache'
bootsnap (1.4.5) lib/bootsnap/load_path_cache/core_ext/active_support.rb:79:in `rescue in load_missing_constant'
bootsnap (1.4.5) lib/bootsnap/load_path_cache/core_ext/active_support.rb:59:in `load_missing_constant'
activesupport (5.2.3) lib/active_support/inflector/methods.rb:283:in `const_get'
activesupport (5.2.3) lib/active_support/inflector/methods.rb:283:in `block in constantize'
activesupport (5.2.3) lib/active_support/inflector/methods.rb:281:in `each'
activesupport (5.2.3) lib/active_support/inflector/methods.rb:281:in `inject'
activesupport (5.2.3) lib/active_support/inflector/methods.rb:281:in `constantize'
actionpack (5.2.3) lib/action_dispatch/http/request.rb:88:in `controller_class_for'
actionpack (5.2.3) lib/action_dispatch/http/request.rb:81:in `controller_class'
actionpack (5.2.3) lib/action_dispatch/routing/route_set.rb:46:in `controller'
actionpack (5.2.3) lib/action_dispatch/routing/route_set.rb:32:in `serve'
actionpack (5.2.3) lib/action_dispatch/journey/router.rb:52:in `block in serve'
actionpack (5.2.3) lib/action_dispatch/journey/router.rb:35:in `each'
actionpack (5.2.3) lib/action_dispatch/journey/router.rb:35:in `serve'
actionpack (5.2.3) lib/action_dispatch/routing/route_set.rb:840:in `call'
rack (2.0.7) lib/rack/tempfile_reaper.rb:15:in `call'
rack (2.0.7) lib/rack/etag.rb:25:in `call'
rack (2.0.7) lib/rack/conditional_get.rb:25:in `call'
rack (2.0.7) lib/rack/head.rb:12:in `call'
actionpack (5.2.3) lib/action_dispatch/http/content_security_policy.rb:18:in `call'
rack (2.0.7) lib/rack/session/abstract/id.rb:232:in `context'
rack (2.0.7) lib/rack/session/abstract/id.rb:226:in `call'
actionpack (5.2.3) lib/action_dispatch/middleware/cookies.rb:670:in `call'
activerecord (5.2.3) lib/active_record/migration.rb:559:in `call'
actionpack (5.2.3) lib/action_dispatch/middleware/callbacks.rb:28:in `block in call'
activesupport (5.2.3) lib/active_support/callbacks.rb:98:in `run_callbacks'
actionpack (5.2.3) lib/action_dispatch/middleware/callbacks.rb:26:in `call'
actionpack (5.2.3) lib/action_dispatch/middleware/executor.rb:14:in `call'
actionpack (5.2.3) lib/action_dispatch/middleware/debug_exceptions.rb:61:in `call'
web-console (3.7.0) lib/web_console/middleware.rb:135:in `call_app'
web-console (3.7.0) lib/web_console/middleware.rb:30:in `block in call'
web-console (3.7.0) lib/web_console/middleware.rb:20:in `catch'
web-console (3.7.0) lib/web_console/middleware.rb:20:in `call'
actionpack (5.2.3) lib/action_dispatch/middleware/show_exceptions.rb:33:in `call'
railties (5.2.3) lib/rails/rack/logger.rb:38:in `call_app'
railties (5.2.3) lib/rails/rack/logger.rb:26:in `block in call'
activesupport (5.2.3) lib/active_support/tagged_logging.rb:71:in `block in tagged'
activesupport (5.2.3) lib/active_support/tagged_logging.rb:28:in `tagged'
activesupport (5.2.3) lib/active_support/tagged_logging.rb:71:in `tagged'
railties (5.2.3) lib/rails/rack/logger.rb:26:in `call'
sprockets-rails (3.2.1) lib/sprockets/rails/quiet_assets.rb:13:in `call'
actionpack (5.2.3) lib/action_dispatch/middleware/remote_ip.rb:81:in `call'
actionpack (5.2.3) lib/action_dispatch/middleware/request_id.rb:27:in `call'
rack (2.0.7) lib/rack/method_override.rb:22:in `call'
rack (2.0.7) lib/rack/runtime.rb:22:in `call'
activesupport (5.2.3) lib/active_support/cache/strategy/local_cache_middleware.rb:29:in `call'
actionpack (5.2.3) lib/action_dispatch/middleware/executor.rb:14:in `call'
actionpack (5.2.3) lib/action_dispatch/middleware/static.rb:127:in `call'
rack (2.0.7) lib/rack/sendfile.rb:111:in `call'
railties (5.2.3) lib/rails/engine.rb:524:in `call'
puma (3.12.1) lib/puma/configuration.rb:227:in `call'
puma (3.12.1) lib/puma/server.rb:660:in `handle_request'
puma (3.12.1) lib/puma/server.rb:474:in `process_client'
puma (3.12.1) lib/puma/server.rb:334:in `block in run'
puma (3.12.1) lib/puma/thread_pool.rb:135:in `block in spawn_thread'
Started GET "/api/v1/butterflies.json" for ::1 at 2019-10-22 20:06:03 -0400
  
ActionController::RoutingError (uninitialized constant Api):
  
bootsnap (1.4.5) lib/bootsnap/load_path_cache/core_ext/active_support.rb:79:in `block in load_missing_constant'
bootsnap (1.4.5) lib/bootsnap/load_path_cache/core_ext/active_support.rb:8:in `without_bootsnap_cache'
bootsnap (1.4.5) lib/bootsnap/load_path_cache/core_ext/active_support.rb:79:in `rescue in load_missing_constant'
bootsnap (1.4.5) lib/bootsnap/load_path_cache/core_ext/active_support.rb:59:in `load_missing_constant'
activesupport (5.2.3) lib/active_support/inflector/methods.rb:283:in `const_get'
activesupport (5.2.3) lib/active_support/inflector/methods.rb:283:in `block in constantize'
activesupport (5.2.3) lib/active_support/inflector/methods.rb:281:in `each'
activesupport (5.2.3) lib/active_support/inflector/methods.rb:281:in `inject'
activesupport (5.2.3) lib/active_support/inflector/methods.rb:281:in `constantize'
actionpack (5.2.3) lib/action_dispatch/http/request.rb:88:in `controller_class_for'
actionpack (5.2.3) lib/action_dispatch/http/request.rb:81:in `controller_class'
actionpack (5.2.3) lib/action_dispatch/routing/route_set.rb:46:in `controller'
actionpack (5.2.3) lib/action_dispatch/routing/route_set.rb:32:in `serve'
actionpack (5.2.3) lib/action_dispatch/journey/router.rb:52:in `block in serve'
actionpack (5.2.3) lib/action_dispatch/journey/router.rb:35:in `each'
actionpack (5.2.3) lib/action_dispatch/journey/router.rb:35:in `serve'
actionpack (5.2.3) lib/action_dispatch/routing/route_set.rb:840:in `call'
rack (2.0.7) lib/rack/tempfile_reaper.rb:15:in `call'
rack (2.0.7) lib/rack/etag.rb:25:in `call'
rack (2.0.7) lib/rack/conditional_get.rb:25:in `call'
rack (2.0.7) lib/rack/head.rb:12:in `call'
actionpack (5.2.3) lib/action_dispatch/http/content_security_policy.rb:18:in `call'
rack (2.0.7) lib/rack/session/abstract/id.rb:232:in `context'
rack (2.0.7) lib/rack/session/abstract/id.rb:226:in `call'
actionpack (5.2.3) lib/action_dispatch/middleware/cookies.rb:670:in `call'
activerecord (5.2.3) lib/active_record/migration.rb:559:in `call'
actionpack (5.2.3) lib/action_dispatch/middleware/callbacks.rb:28:in `block in call'
activesupport (5.2.3) lib/active_support/callbacks.rb:98:in `run_callbacks'
actionpack (5.2.3) lib/action_dispatch/middleware/callbacks.rb:26:in `call'
actionpack (5.2.3) lib/action_dispatch/middleware/executor.rb:14:in `call'
actionpack (5.2.3) lib/action_dispatch/middleware/debug_exceptions.rb:61:in `call'
web-console (3.7.0) lib/web_console/middleware.rb:135:in `call_app'
web-console (3.7.0) lib/web_console/middleware.rb:30:in `block in call'
web-console (3.7.0) lib/web_console/middleware.rb:20:in `catch'
web-console (3.7.0) lib/web_console/middleware.rb:20:in `call'
actionpack (5.2.3) lib/action_dispatch/middleware/show_exceptions.rb:33:in `call'
railties (5.2.3) lib/rails/rack/logger.rb:38:in `call_app'
railties (5.2.3) lib/rails/rack/logger.rb:26:in `block in call'
activesupport (5.2.3) lib/active_support/tagged_logging.rb:71:in `block in tagged'
activesupport (5.2.3) lib/active_support/tagged_logging.rb:28:in `tagged'
activesupport (5.2.3) lib/active_support/tagged_logging.rb:71:in `tagged'
railties (5.2.3) lib/rails/rack/logger.rb:26:in `call'
sprockets-rails (3.2.1) lib/sprockets/rails/quiet_assets.rb:13:in `call'
actionpack (5.2.3) lib/action_dispatch/middleware/remote_ip.rb:81:in `call'
actionpack (5.2.3) lib/action_dispatch/middleware/request_id.rb:27:in `call'
rack (2.0.7) lib/rack/method_override.rb:22:in `call'
rack (2.0.7) lib/rack/runtime.rb:22:in `call'
activesupport (5.2.3) lib/active_support/cache/strategy/local_cache_middleware.rb:29:in `call'
actionpack (5.2.3) lib/action_dispatch/middleware/executor.rb:14:in `call'
actionpack (5.2.3) lib/action_dispatch/middleware/static.rb:127:in `call'
rack (2.0.7) lib/rack/sendfile.rb:111:in `call'
railties (5.2.3) lib/rails/engine.rb:524:in `call'
puma (3.12.1) lib/puma/configuration.rb:227:in `call'
puma (3.12.1) lib/puma/server.rb:660:in `handle_request'
puma (3.12.1) lib/puma/server.rb:474:in `process_client'
puma (3.12.1) lib/puma/server.rb:334:in `block in run'
puma (3.12.1) lib/puma/thread_pool.rb:135:in `block in spawn_thread'
Started GET "/" for ::1 at 2019-10-22 20:11:22 -0400
  [1m[35m (7.3ms)[0m  [1m[34mSELECT "schema_migrations"."version" FROM "schema_migrations" ORDER BY "schema_migrations"."version" ASC[0m
  ↳ /Users/uks/.rbenv/versions/2.3.1/lib/ruby/gems/2.3.0/gems/activerecord-5.2.3/lib/active_record/log_subscriber.rb:98
Processing by Rails::WelcomeController#index as HTML
  Rendering /Users/uks/.rbenv/versions/2.3.1/lib/ruby/gems/2.3.0/gems/railties-5.2.3/lib/rails/templates/rails/welcome/index.html.erb
  Rendered /Users/uks/.rbenv/versions/2.3.1/lib/ruby/gems/2.3.0/gems/railties-5.2.3/lib/rails/templates/rails/welcome/index.html.erb (4.5ms)
Completed 200 OK in 32ms (Views: 14.3ms | ActiveRecord: 0.0ms)


Started GET "/api/v1/images.json" for ::1 at 2019-10-22 20:11:32 -0400
  
ActionController::RoutingError (uninitialized constant Api):
  
bootsnap (1.4.5) lib/bootsnap/load_path_cache/core_ext/active_support.rb:79:in `block in load_missing_constant'
bootsnap (1.4.5) lib/bootsnap/load_path_cache/core_ext/active_support.rb:8:in `without_bootsnap_cache'
bootsnap (1.4.5) lib/bootsnap/load_path_cache/core_ext/active_support.rb:79:in `rescue in load_missing_constant'
bootsnap (1.4.5) lib/bootsnap/load_path_cache/core_ext/active_support.rb:59:in `load_missing_constant'
activesupport (5.2.3) lib/active_support/inflector/methods.rb:283:in `const_get'
activesupport (5.2.3) lib/active_support/inflector/methods.rb:283:in `block in constantize'
activesupport (5.2.3) lib/active_support/inflector/methods.rb:281:in `each'
activesupport (5.2.3) lib/active_support/inflector/methods.rb:281:in `inject'
activesupport (5.2.3) lib/active_support/inflector/methods.rb:281:in `constantize'
actionpack (5.2.3) lib/action_dispatch/http/request.rb:88:in `controller_class_for'
actionpack (5.2.3) lib/action_dispatch/http/request.rb:81:in `controller_class'
actionpack (5.2.3) lib/action_dispatch/routing/route_set.rb:46:in `controller'
actionpack (5.2.3) lib/action_dispatch/routing/route_set.rb:32:in `serve'
actionpack (5.2.3) lib/action_dispatch/journey/router.rb:52:in `block in serve'
actionpack (5.2.3) lib/action_dispatch/journey/router.rb:35:in `each'
actionpack (5.2.3) lib/action_dispatch/journey/router.rb:35:in `serve'
actionpack (5.2.3) lib/action_dispatch/routing/route_set.rb:840:in `call'
rack (2.0.7) lib/rack/tempfile_reaper.rb:15:in `call'
rack (2.0.7) lib/rack/etag.rb:25:in `call'
rack (2.0.7) lib/rack/conditional_get.rb:25:in `call'
rack (2.0.7) lib/rack/head.rb:12:in `call'
actionpack (5.2.3) lib/action_dispatch/http/content_security_policy.rb:18:in `call'
rack (2.0.7) lib/rack/session/abstract/id.rb:232:in `context'
rack (2.0.7) lib/rack/session/abstract/id.rb:226:in `call'
actionpack (5.2.3) lib/action_dispatch/middleware/cookies.rb:670:in `call'
activerecord (5.2.3) lib/active_record/migration.rb:559:in `call'
actionpack (5.2.3) lib/action_dispatch/middleware/callbacks.rb:28:in `block in call'
activesupport (5.2.3) lib/active_support/callbacks.rb:98:in `run_callbacks'
actionpack (5.2.3) lib/action_dispatch/middleware/callbacks.rb:26:in `call'
actionpack (5.2.3) lib/action_dispatch/middleware/executor.rb:14:in `call'
actionpack (5.2.3) lib/action_dispatch/middleware/debug_exceptions.rb:61:in `call'
web-console (3.7.0) lib/web_console/middleware.rb:135:in `call_app'
web-console (3.7.0) lib/web_console/middleware.rb:30:in `block in call'
web-console (3.7.0) lib/web_console/middleware.rb:20:in `catch'
web-console (3.7.0) lib/web_console/middleware.rb:20:in `call'
actionpack (5.2.3) lib/action_dispatch/middleware/show_exceptions.rb:33:in `call'
railties (5.2.3) lib/rails/rack/logger.rb:38:in `call_app'
railties (5.2.3) lib/rails/rack/logger.rb:26:in `block in call'
activesupport (5.2.3) lib/active_support/tagged_logging.rb:71:in `block in tagged'
activesupport (5.2.3) lib/active_support/tagged_logging.rb:28:in `tagged'
activesupport (5.2.3) lib/active_support/tagged_logging.rb:71:in `tagged'
railties (5.2.3) lib/rails/rack/logger.rb:26:in `call'
sprockets-rails (3.2.1) lib/sprockets/rails/quiet_assets.rb:13:in `call'
actionpack (5.2.3) lib/action_dispatch/middleware/remote_ip.rb:81:in `call'
actionpack (5.2.3) lib/action_dispatch/middleware/request_id.rb:27:in `call'
rack (2.0.7) lib/rack/method_override.rb:22:in `call'
rack (2.0.7) lib/rack/runtime.rb:22:in `call'
activesupport (5.2.3) lib/active_support/cache/strategy/local_cache_middleware.rb:29:in `call'
actionpack (5.2.3) lib/action_dispatch/middleware/executor.rb:14:in `call'
actionpack (5.2.3) lib/action_dispatch/middleware/static.rb:127:in `call'
rack (2.0.7) lib/rack/sendfile.rb:111:in `call'
railties (5.2.3) lib/rails/engine.rb:524:in `call'
puma (3.12.1) lib/puma/configuration.rb:227:in `call'
puma (3.12.1) lib/puma/server.rb:660:in `handle_request'
puma (3.12.1) lib/puma/server.rb:474:in `process_client'
puma (3.12.1) lib/puma/server.rb:334:in `block in run'
puma (3.12.1) lib/puma/thread_pool.rb:135:in `block in spawn_thread'
Started GET "/api/v1/images.json" for ::1 at 2019-10-22 20:14:54 -0400
  [1m[35m (7.6ms)[0m  [1m[34mSELECT "schema_migrations"."version" FROM "schema_migrations" ORDER BY "schema_migrations"."version" ASC[0m
  ↳ /Users/uks/.rbenv/versions/2.3.1/lib/ruby/gems/2.3.0/gems/activerecord-5.2.3/lib/active_record/log_subscriber.rb:98
  
ActionController::RoutingError (undefined method `respond_to' for Api::V1::BaseController:Class
Did you mean?  respond_to?):
  
app/controllers/api/v1/base_controller.rb:2:in `<class:BaseController>'
app/controllers/api/v1/base_controller.rb:1:in `<main>'
app/controllers/api/v1/images_controller.rb:1:in `<main>'
Started GET "/api/v1/images.json" for ::1 at 2019-10-22 20:16:23 -0400
  [1m[35m (7.0ms)[0m  [1m[34mSELECT "schema_migrations"."version" FROM "schema_migrations" ORDER BY "schema_migrations"."version" ASC[0m
  ↳ /Users/uks/.rbenv/versions/2.3.1/lib/ruby/gems/2.3.0/gems/activerecord-5.2.3/lib/active_record/log_subscriber.rb:98
Processing by Api::V1::ImagesController#index as JSON
  [1m[36mImage Load (0.9ms)[0m  [1m[34mSELECT "images".* FROM "images"[0m
  ↳ app/controllers/api/v1/images_controller.rb:3
Completed 200 OK in 53ms (Views: 19.6ms | ActiveRecord: 6.9ms)


